%!Adobe-FontList 1.14
%Locale:0x412

%BeginFont
Handler:DirectoryHandler
FontType:Invalid
OutlineFileName:D:\류신혜\학원_현재작업중\류신혜\b2\Font\malgun.eot
FileModTime:1569556900
%EndFont

%BeginFont
Handler:DirectoryHandler
FontType:TrueType
FontName:MalgunGothic
FamilyName:Malgun Gothic
StyleName:Regular
FullName:Malgun Gothic
MenuName:맑은 고딕
StyleBits:0
FamilyNameNative:맑은 고딕
StyleNameNative:Regular
FullNameNative:맑은 고딕
WritingScript:Korean
OutlineFileName:D:\류신혜\학원_현재작업중\류신혜\b2\Font\malgun.ttf
DataFormat:sfntData
FileLength:13457192
FileModTime:1489870702
WeightClass:400
WidthClass:5
AngleClass:0
%EndFont

%BeginFont
Handler:DirectoryHandler
FontType:Invalid
OutlineFileName:D:\류신혜\학원_현재작업중\류신혜\b2\Font\malgun.woff
FileModTime:1569556866
%EndFont

%BeginFont
Handler:DirectoryHandler
FontType:Invalid
OutlineFileName:D:\류신혜\학원_현재작업중\류신혜\b2\Font\malgunbd.eot
FileModTime:1569556914
%EndFont

%BeginFont
Handler:DirectoryHandler
FontType:TrueType
FontName:MalgunGothicBold
FamilyName:Malgun Gothic
StyleName:Bold
FullName:Malgun Gothic Bold
MenuName:맑은 고딕
StyleBits:2
FamilyNameNative:맑은 고딕
StyleNameNative:Bold
FullNameNative:맑은 고딕 Bold
WritingScript:Korean
OutlineFileName:D:\류신혜\학원_현재작업중\류신혜\b2\Font\malgunbd.ttf
DataFormat:sfntData
FileLength:12598388
FileModTime:1489870716
WeightClass:700
WidthClass:5
AngleClass:0
%EndFont

%BeginFont
Handler:DirectoryHandler
FontType:Invalid
OutlineFileName:D:\류신혜\학원_현재작업중\류신혜\b2\Font\malgunbd.woff
FileModTime:1569556874
%EndFont

%BeginFont
Handler:DirectoryHandler
FontType:Invalid
OutlineFileName:D:\류신혜\학원_현재작업중\류신혜\b2\Font\malgunsl.eot
FileModTime:1569556936
%EndFont

%BeginFont
Handler:DirectoryHandler
FontType:TrueType
FontName:MalgunGothic-Semilight
FamilyName:Malgun Gothic
StyleName:Semilight
FullName:Malgun Gothic Semilight
MenuName:맑은 고딕 Semilight
StyleBits:0
FamilyNameNative:맑은 고딕
StyleNameNative:Semilight
FullNameNative:맑은 고딕 Semilight
WritingScript:Korean
OutlineFileName:D:\류신혜\학원_현재작업중\류신혜\b2\Font\malgunsl.ttf
DataFormat:sfntData
FileLength:5083240
FileModTime:1489870714
WeightClass:300
WidthClass:5
AngleClass:0
%EndFont

%BeginFont
Handler:DirectoryHandler
FontType:Invalid
OutlineFileName:D:\류신혜\학원_현재작업중\류신혜\b2\Font\malgunsl.woff
FileModTime:1569556878
%EndFont

